Build started 11/15/2015 5:51:59 PM.
     1>Project "C:\Users\taba238\Desktop\program3\Project1\Project1.vcxproj" on node 2 (Build target(s)).
     1>ClCompile:
         C:\Program Files (x86)\Microsoft Visual Studio 11.0\VC\bin\CL.exe /c /ZI /nologo /W3 /WX- /Od /Oy- /D _MBCS /Gm /EHsc /RTC1 /MDd /GS /fp:precise /Zc:wchar_t /Zc:forScope /Fo"Debug\\" /Fd"Debug\vc110.pdb" /Gd /TP /analyze- /errorReport:prompt Main.cpp PersonList.cpp
         PersonList.cpp
     1>c:\users\taba238\desktop\program3\project1\personlist.cpp(87): warning C4018: '<' : signed/unsigned mismatch
     1>c:\users\taba238\desktop\program3\project1\personlist.cpp(98): warning C4018: '<' : signed/unsigned mismatch
     1>c:\users\taba238\desktop\program3\project1\personlist.cpp(115): warning C4018: '<' : signed/unsigned mismatch
     1>c:\users\taba238\desktop\program3\project1\personlist.cpp(133): warning C4018: '<' : signed/unsigned mismatch
     1>c:\users\taba238\desktop\program3\project1\personlist.cpp(148): warning C4018: '<' : signed/unsigned mismatch
     1>c:\users\taba238\desktop\program3\project1\personlist.cpp(167): warning C4018: '<' : signed/unsigned mismatch
     1>c:\users\taba238\desktop\program3\project1\personlist.cpp(169): warning C4018: '<' : signed/unsigned mismatch
     1>c:\users\taba238\desktop\program3\project1\personlist.cpp(185): warning C4018: '<' : signed/unsigned mismatch
         Generating Code...
         Compiling...
         Main.cpp
         Generating Code...
       Link:
         C:\Program Files (x86)\Microsoft Visual Studio 11.0\VC\bin\link.exe /ERRORREPORT:PROMPT /OUT:"C:\Users\taba238\Desktop\program3\Debug\Project1.exe" /INCREMENTAL /NOLOGO kernel32.lib user32.lib gdi32.lib winspool.lib comdlg32.lib advapi32.lib shell32.lib ole32.lib oleaut32.lib uuid.lib odbc32.lib odbccp32.lib /MANIFEST /MANIFESTUAC:"level='asInvoker' uiAccess='false'" /manifest:embed /DEBUG /PDB:"C:\Users\taba238\Desktop\program3\Debug\Project1.pdb" /TLBID:1 /DYNAMICBASE /NXCOMPAT /IMPLIB:"C:\Users\taba238\Desktop\program3\Debug\Project1.lib" /MACHINE:X86 Debug\Employee.obj
         Debug\Helpers.obj
         Debug\Main.obj
         Debug\Person.obj
         Debug\PersonList.obj
         Debug\Student.obj
         Project1.vcxproj -> C:\Users\taba238\Desktop\program3\Debug\Project1.exe
     1>Done Building Project "C:\Users\taba238\Desktop\program3\Project1\Project1.vcxproj" (Build target(s)).

Build succeeded.

Time Elapsed 00:00:03.39
